5.5.2024, 19:33:30 - INFO - Server is running on port: 3030 
5.5.2024, 19:35:15 - INFO - Server is running on port: 3030 
5.5.2024, 19:35:48 - INFO - Server is running on port: 3030 
5.5.2024, 19:53:34 - INFO - Server is running on port: 3030 
5.5.2024, 19:54:46 - INFO - Server is running on port: 3030 
5.5.2024, 19:55:51 - INFO - Server is running on port: 3030 
5.5.2024, 19:57:04 - INFO - Server is running on port: 3030 
5.5.2024, 19:57:16 - INFO - Server is running on port: 3030 
5.5.2024, 19:57:38 - INFO - Server is running on port: 3030 
5.5.2024, 19:57:40 - INFO - A user connected 
5.5.2024, 19:57:40 - INFO - A user joinCodeBlock 
5.5.2024, 19:57:43 - INFO - A user connected 
5.5.2024, 19:57:43 - INFO - A user joinCodeBlock 
5.5.2024, 19:57:52 - INFO - A user connected 
5.5.2024, 19:57:52 - INFO - A user joinCodeBlock 
5.5.2024, 19:57:54 - ERROR - Error updating code block: | ReferenceError: CodeBlock is not defined 
5.5.2024, 19:58:00 - ERROR - Error updating code block: | ReferenceError: CodeBlock is not defined 
5.5.2024, 19:58:06 - ERROR - Error updating code block: | ReferenceError: CodeBlock is not defined 
5.5.2024, 19:58:07 - ERROR - Error updating code block: | ReferenceError: CodeBlock is not defined 
5.5.2024, 19:58:19 - ERROR - Error updating code block: | ReferenceError: CodeBlock is not defined 
5.5.2024, 19:58:35 - ERROR - Error updating code block: | ReferenceError: CodeBlock is not defined 
5.5.2024, 19:59:26 - INFO - Server is running on port: 3030 
5.5.2024, 19:59:31 - INFO - A user connected 
5.5.2024, 19:59:31 - INFO - A user joinCodeBlock 
5.5.2024, 19:59:35 - INFO - A user connected 
5.5.2024, 19:59:35 - INFO - A user joinCodeBlock 
5.5.2024, 20:13:51 - INFO - A user connected 
5.5.2024, 20:13:51 - INFO - A user joinCodeBlock 
5.5.2024, 20:13:52 - INFO - A user connected 
5.5.2024, 20:13:52 - INFO - A user joinCodeBlock 
5.5.2024, 20:18:06 - INFO - A user connected 
6.5.2024, 14:32:13 - INFO - A user disconnected 
6.5.2024, 14:32:22 - INFO - A user joinCodeBlock 
6.5.2024, 14:32:22 - INFO - A user joinCodeBlock 
6.5.2024, 14:32:22 - INFO - A user disconnected 
6.5.2024, 14:32:28 - INFO - A user disconnected 
6.5.2024, 14:32:49 - INFO - A user joinCodeBlock 
6.5.2024, 14:32:49 - INFO - A user joinCodeBlock 
6.5.2024, 14:32:51 - INFO - A user joinCodeBlock 
6.5.2024, 14:32:51 - INFO - A user joinCodeBlock 
6.5.2024, 14:32:55 - INFO - A user disconnected 
6.5.2024, 14:32:57 - INFO - A user disconnected 
6.5.2024, 14:33:03 - INFO - Server is running on port: 3030 
6.5.2024, 14:33:07 - INFO - A user joinCodeBlock 
6.5.2024, 14:33:07 - INFO - A user joinCodeBlock 
6.5.2024, 14:33:10 - INFO - A user joinCodeBlock 
6.5.2024, 14:33:10 - INFO - A user joinCodeBlock 
6.5.2024, 14:33:12 - INFO - A user disconnected 
6.5.2024, 14:33:14 - INFO - A user disconnected 
6.5.2024, 14:33:26 - INFO - A user joinCodeBlock 
6.5.2024, 14:33:26 - INFO - A user joinCodeBlock 
6.5.2024, 14:34:10 - INFO - A user disconnected 
6.5.2024, 14:34:14 - INFO - A user disconnected 
6.5.2024, 14:34:16 - INFO - A user joinCodeBlock 
6.5.2024, 14:34:18 - INFO - A user joinCodeBlock 
6.5.2024, 14:34:22 - INFO - A user disconnected 
6.5.2024, 14:34:22 - INFO - A user disconnected 
6.5.2024, 14:34:27 - INFO - A user joinCodeBlock 
6.5.2024, 14:34:28 - INFO - A user joinCodeBlock 
6.5.2024, 14:34:30 - INFO - A user disconnected 
6.5.2024, 14:34:31 - INFO - A user disconnected 
6.5.2024, 14:36:00 - INFO - A user disconnected 
6.5.2024, 14:36:01 - INFO - A user disconnected 
6.5.2024, 14:36:04 - INFO - Server is running on port: 3030 
6.5.2024, 14:36:07 - INFO - A user joinCodeBlock 
6.5.2024, 14:36:08 - INFO - A user joinCodeBlock 
6.5.2024, 14:36:10 - INFO - A user disconnected 
6.5.2024, 14:36:11 - INFO - A user disconnected 
6.5.2024, 14:36:41 - INFO - A user joinCodeBlock 
6.5.2024, 14:36:42 - INFO - A user joinCodeBlock 
6.5.2024, 14:36:44 - INFO - A user disconnected 
6.5.2024, 14:36:45 - INFO - A user disconnected 
6.5.2024, 14:37:52 - INFO - A user joinCodeBlock 
6.5.2024, 14:37:53 - INFO - A user joinCodeBlock 
6.5.2024, 14:37:54 - INFO - A user disconnected 
6.5.2024, 14:37:55 - INFO - A user disconnected 
6.5.2024, 14:43:27 - INFO - A user joinCodeBlock 
6.5.2024, 14:43:28 - INFO - A user joinCodeBlock 
6.5.2024, 14:43:30 - INFO - A user disconnected 
6.5.2024, 14:43:32 - INFO - A user disconnected 
6.5.2024, 14:45:39 - INFO - A user joinCodeBlock 
6.5.2024, 14:45:40 - INFO - A user joinCodeBlock 
6.5.2024, 14:45:41 - INFO - A user disconnected 
6.5.2024, 14:45:43 - INFO - A user disconnected 
6.5.2024, 14:45:52 - INFO - A user joinCodeBlock 
6.5.2024, 14:45:52 - INFO - A user joinCodeBlock 
6.5.2024, 14:45:54 - INFO - A user disconnected 
6.5.2024, 14:45:55 - INFO - A user disconnected 
6.5.2024, 14:45:57 - INFO - A user joinCodeBlock 
6.5.2024, 14:45:57 - INFO - A user joinCodeBlock 
6.5.2024, 14:45:58 - INFO - A user disconnected 
6.5.2024, 14:45:59 - INFO - A user joinCodeBlock 
6.5.2024, 14:46:07 - INFO - A user disconnected 
6.5.2024, 14:46:07 - INFO - A user joinCodeBlock 
6.5.2024, 14:46:07 - INFO - A user disconnected 
6.5.2024, 14:46:07 - INFO - A user joinCodeBlock 
6.5.2024, 14:46:13 - INFO - A user disconnected 
6.5.2024, 14:46:16 - INFO - A user joinCodeBlock 
6.5.2024, 14:46:20 - INFO - A user disconnected 
6.5.2024, 14:46:22 - INFO - A user joinCodeBlock 
6.5.2024, 14:46:27 - INFO - A user disconnected 
6.5.2024, 14:46:29 - INFO - A user joinCodeBlock 
6.5.2024, 14:46:31 - INFO - A user disconnected 
6.5.2024, 14:46:32 - INFO - A user disconnected 
6.5.2024, 14:46:33 - INFO - A user joinCodeBlock 
6.5.2024, 14:46:34 - INFO - A user disconnected 
6.5.2024, 14:46:37 - INFO - Server is running on port: 3030 
6.5.2024, 14:46:41 - INFO - A user joinCodeBlock 
6.5.2024, 14:46:43 - INFO - A user joinCodeBlock 
6.5.2024, 14:46:45 - INFO - A user disconnected 
6.5.2024, 14:46:47 - INFO - A user disconnected 
6.5.2024, 14:46:49 - INFO - A user joinCodeBlock 
6.5.2024, 14:46:53 - INFO - A user disconnected 
6.5.2024, 14:46:53 - INFO - A user joinCodeBlock 
6.5.2024, 14:46:53 - INFO - A user joinCodeBlock 
6.5.2024, 14:46:54 - INFO - A user disconnected 
6.5.2024, 15:20:05 - INFO - A user joinCodeBlock 
6.5.2024, 15:20:06 - INFO - A user joinCodeBlock 
6.5.2024, 15:20:08 - INFO - A user disconnected 
6.5.2024, 15:20:09 - INFO - A user disconnected 
6.5.2024, 15:20:10 - INFO - A user joinCodeBlock 
6.5.2024, 15:20:12 - INFO - A user joinCodeBlock 
6.5.2024, 15:20:14 - INFO - A user disconnected 
6.5.2024, 15:20:15 - INFO - A user disconnected 
6.5.2024, 15:21:56 - INFO - Server is running on port: 3030 
6.5.2024, 15:22:00 - INFO - A user joinCodeBlock 
6.5.2024, 15:22:01 - INFO - A user joinCodeBlock 
6.5.2024, 15:22:02 - INFO - A user disconnected 
6.5.2024, 15:22:03 - INFO - A user disconnected 
6.5.2024, 15:22:04 - INFO - A user joinCodeBlock 
6.5.2024, 15:22:07 - INFO - A user disconnected 
6.5.2024, 15:24:34 - INFO - A user joinCodeBlock 
6.5.2024, 15:24:35 - INFO - A user joinCodeBlock 
6.5.2024, 15:24:36 - INFO - A user disconnected 
6.5.2024, 15:24:37 - INFO - A user joinCodeBlock 
6.5.2024, 15:24:39 - INFO - A user disconnected 
6.5.2024, 15:24:39 - INFO - A user joinCodeBlock 
6.5.2024, 15:24:40 - INFO - A user disconnected 6.5.2024, 18:32:33 - INFO - A user joinCodeBlock 
6.5.2024, 18:32:43 - INFO - A user joinCodeBlock 
6.5.2024, 18:35:39 - INFO - A user joinCodeBlock 
6.5.2024, 18:40:44 - INFO - A user joinCodeBlock 
6.5.2024, 18:42:17 - INFO - A user joinCodeBlock 
6.5.2024, 18:42:18 - INFO - A user joinCodeBlock 
6.5.2024, 18:42:19 - INFO - A user joinCodeBlock 
6.5.2024, 18:42:20 - INFO - A user joinCodeBlock 
6.5.2024, 18:43:41 - INFO - A user joinCodeBlock 
6.5.2024, 18:43:54 - INFO - A user joinCodeBlock 
6.5.2024, 18:44:31 - INFO - A user joinCodeBlock 
6.5.2024, 18:44:36 - INFO - A user joinCodeBlock 
6.5.2024, 18:44:38 - INFO - A user joinCodeBlock 
6.5.2024, 18:44:41 - INFO - A user joinCodeBlock 
6.5.2024, 18:44:42 - INFO - A user joinCodeBlock 
6.5.2024, 18:44:43 - INFO - A user joinCodeBlock 
6.5.2024, 18:44:45 - INFO - A user joinCodeBlock 
6.5.2024, 18:44:46 - INFO - A user joinCodeBlock 
6.5.2024, 18:44:47 - INFO - A user joinCodeBlock 
6.5.2024, 18:44:49 - INFO - A user joinCodeBlock 
6.5.2024, 18:44:52 - INFO - A user joinCodeBlock 
6.5.2024, 18:44:58 - INFO - A user joinCodeBlock 
6.5.2024, 18:45:00 - INFO - A user joinCodeBlock 
6.5.2024, 18:45:05 - INFO - A user joinCodeBlock 
6.5.2024, 18:46:00 - INFO - A user joinCodeBlock 
6.5.2024, 18:46:02 - INFO - A user joinCodeBlock 
6.5.2024, 18:53:40 - INFO - A user joinCodeBlock 
6.5.2024, 18:54:33 - INFO - A user joinCodeBlock 
6.5.2024, 18:54:34 - INFO - A user joinCodeBlock 
6.5.2024, 18:54:38 - INFO - A user joinCodeBlock 
6.5.2024, 18:55:42 - INFO - A user joinCodeBlock 
6.5.2024, 20:47:45 - INFO - A user joinCodeBlock 
6.5.2024, 20:47:52 - INFO - A user joinCodeBlock 
6.5.2024, 20:47:55 - INFO - A user joinCodeBlock 
6.5.2024, 20:47:59 - INFO - A user joinCodeBlock 
6.5.2024, 20:48:05 - INFO - A user joinCodeBlock 
6.5.2024, 20:48:08 - INFO - A user joinCodeBlock 
6.5.2024, 20:56:24 - INFO - A user joinCodeBlock 
6.5.2024, 21:40:00 - INFO - A user joinCodeBlock 
6.5.2024, 23:25:42 - INFO - Server is running on port: 3030 
6.5.2024, 23:28:18 - INFO - A user joinCodeBlock 
6.5.2024, 23:28:46 - INFO - A user joinCodeBlock 
6.5.2024, 23:28:56 - INFO - A user joinCodeBlock 
6.5.2024, 23:28:56 - INFO - A user joinCodeBlock 
6.5.2024, 23:28:59 - INFO - A user joinCodeBlock 
6.5.2024, 23:28:59 - INFO - A user joinCodeBlock 
6.5.2024, 23:31:29 - INFO - A user joinCodeBlock 
6.5.2024, 23:31:29 - INFO - A user joinCodeBlock 
6.5.2024, 23:31:48 - INFO - A user joinCodeBlock 
6.5.2024, 23:31:55 - INFO - Server is running on port: 3030 
6.5.2024, 23:31:57 - INFO - A user joinCodeBlock 
6.5.2024, 23:32:00 - INFO - A user joinCodeBlock 
6.5.2024, 23:32:18 - INFO - A user joinCodeBlock 
6.5.2024, 23:32:26 - INFO - A user joinCodeBlock 
6.5.2024, 23:32:28 - INFO - A user joinCodeBlock 
6.5.2024, 23:58:27 - INFO - A user joinCodeBlock 
6.5.2024, 23:59:59 - INFO - A user joinCodeBlock 
7.5.2024, 0:01:19 - INFO - A user joinCodeBlock 
7.5.2024, 0:01:21 - INFO - A user joinCodeBlock 
7.5.2024, 0:01:23 - INFO - A user joinCodeBlock 
7.5.2024, 0:01:38 - INFO - A user joinCodeBlock 
7.5.2024, 0:07:09 - INFO - A user joinCodeBlock 
7.5.2024, 0:07:12 - INFO - A user joinCodeBlock 
7.5.2024, 0:07:16 - INFO - A user joinCodeBlock 
7.5.2024, 0:07:18 - INFO - A user joinCodeBlock 
7.5.2024, 0:07:19 - INFO - A user joinCodeBlock 
7.5.2024, 0:07:21 - INFO - A user joinCodeBlock 
7.5.2024, 0:07:23 - INFO - A user joinCodeBlock 
7.5.2024, 0:10:24 - INFO - A user joinCodeBlock 
7.5.2024, 0:10:40 - INFO - A user joinCodeBlock 
7.5.2024, 0:34:06 - INFO - A user joinCodeBlock 
7.5.2024, 0:34:10 - INFO - A user joinCodeBlock 
7.5.2024, 0:35:21 - INFO - A user joinCodeBlock 
7.5.2024, 0:38:36 - INFO - A user joinCodeBlock 
7.5.2024, 0:38:36 - INFO - A user joinCodeBlock 
7.5.2024, 0:39:32 - INFO - A user joinCodeBlock 
7.5.2024, 0:39:32 - INFO - A user joinCodeBlock 
7.5.2024, 0:39:37 - INFO - A user joinCodeBlock 
7.5.2024, 0:39:39 - INFO - A user joinCodeBlock 
7.5.2024, 0:39:46 - INFO - A user joinCodeBlock 
7.5.2024, 0:39:47 - INFO - A user joinCodeBlock 
7.5.2024, 0:40:15 - INFO - A user joinCodeBlock 
7.5.2024, 0:40:17 - INFO - A user joinCodeBlock 
7.5.2024, 0:40:19 - INFO - A user joinCodeBlock 
7.5.2024, 0:40:20 - INFO - A user joinCodeBlock 
7.5.2024, 0:40:24 - INFO - Server is running on port: 3030 
7.5.2024, 0:40:27 - INFO - A user joinCodeBlock 
7.5.2024, 0:40:29 - INFO - A user joinCodeBlock 
7.5.2024, 0:40:38 - INFO - A user joinCodeBlock 
7.5.2024, 0:40:42 - INFO - A user joinCodeBlock 
7.5.2024, 0:41:08 - INFO - Server is running on port: 3030 
7.5.2024, 0:42:25 - INFO - A user joinCodeBlock 
7.5.2024, 0:42:26 - INFO - A user joinCodeBlock 
7.5.2024, 0:42:29 - INFO - A user joinCodeBlock 
7.5.2024, 0:42:31 - INFO - A user joinCodeBlock 
7.5.2024, 0:43:44 - INFO - A user joinCodeBlock 
7.5.2024, 0:43:46 - INFO - A user joinCodeBlock 
7.5.2024, 0:43:48 - INFO - A user joinCodeBlock 
7.5.2024, 0:43:54 - INFO - Server is running on port: 3030 
7.5.2024, 0:45:08 - INFO - A user joinCodeBlock 
7.5.2024, 0:45:12 - INFO - A user joinCodeBlock 
7.5.2024, 0:45:12 - INFO - A user joinCodeBlock 
7.5.2024, 0:45:15 - INFO - A user joinCodeBlock 
7.5.2024, 0:45:44 - INFO - A user joinCodeBlock 
7.5.2024, 0:45:48 - INFO - A user joinCodeBlock 
